Base path: 'C:/Program Files/Unity/Hub/Editor/2021.2.0b8/Editor/Data', plugins path 'C:/Program Files/Unity/Hub/Editor/2021.2.0b8/Editor/Data/PlaybackEngines'
Cmd: initializeCompiler

Cmd: compileComputeKernel
  insize=3059 file=C:/Users/Kees/Unity Projects/Soil-Simulation-GPU/Assets/Shaders/Compute/Heightmap/HeightmapMeshCompute.compute kernel=CSMain cachingPP=1 ppOnly=0 stripLineD=0 buildPlatform=13 km=<UNITY_VERSION=202120> pKW=UNITY_NO_RGBM UNITY_ENABLE_REFLECTION_BUFFERS UNITY_FRAMEBUFFER_FETCH_AVAILABLE UNITY_NO_CUBEMAP_ARRAY UNITY_NO_SCREENSPACE_SHADOWS UNITY_PBS_USE_BRDF3 UNITY_NO_FULL_STANDARD_SHADER SHADER_API_MOBILE UNITY_LIGHTMAP_RGBM_ENCODING UNITY_ASTC_NORMALMAP_ENCODING SHADER_API_GLES30 uKW=SHADER_STAGE_COMPUTE platform=gles3 flags=268439552 reqs=16385 forceDXC=0 forceFXC=0 ok=1 outsize=19674

Cmd: compileComputeKernel
  insize=3046 file=C:/Users/Kees/Unity Projects/Soil-Simulation-GPU/Assets/Shaders/Compute/Heightmap/HeightmapMeshCompute.compute kernel=CSMain cachingPP=1 ppOnly=0 stripLineD=0 buildPlatform=13 km=<UNITY_VERSION=202120> pKW=UNITY_NO_RGBM UNITY_ENABLE_REFLECTION_BUFFERS UNITY_FRAMEBUFFER_FETCH_AVAILABLE UNITY_NO_CUBEMAP_ARRAY UNITY_NO_SCREENSPACE_SHADOWS UNITY_PBS_USE_BRDF3 UNITY_NO_FULL_STANDARD_SHADER SHADER_API_MOBILE UNITY_LIGHTMAP_RGBM_ENCODING UNITY_ASTC_NORMALMAP_ENCODING SHADER_API_GLES30 uKW=SHADER_STAGE_COMPUTE platform=gles3 flags=268439552 reqs=16385 forceDXC=0 forceFXC=0 ok=1 outsize=19672

Cmd: compileComputeKernel
  insize=1080 file=C:/Users/Kees/Unity Projects/Soil-Simulation-GPU/Assets/Shaders/Compute/Heightmap/HeightmapMeshCompute.compute kernel=CSMain cachingPP=1 ppOnly=0 stripLineD=0 buildPlatform=13 km=<UNITY_VERSION=202120> pKW=UNITY_NO_RGBM UNITY_ENABLE_REFLECTION_BUFFERS UNITY_FRAMEBUFFER_FETCH_AVAILABLE UNITY_NO_CUBEMAP_ARRAY UNITY_NO_SCREENSPACE_SHADOWS UNITY_PBS_USE_BRDF3 UNITY_NO_FULL_STANDARD_SHADER SHADER_API_MOBILE UNITY_LIGHTMAP_RGBM_ENCODING UNITY_ASTC_NORMALMAP_ENCODING SHADER_API_GLES30 uKW=SHADER_STAGE_COMPUTE platform=gles3 flags=268439552 reqs=16385 forceDXC=0 forceFXC=0  error: 2 plat 9 at HeightmapMeshCompute.compute(37): cannot implicitly convert from 'float3' to 'float4'
 ok=0 outsize=0

Cmd: compileComputeKernel
  insize=931 file=C:/Users/Kees/Unity Projects/Soil-Simulation-GPU/Assets/Shaders/Compute/Heightmap/HeightmapMeshCompute.compute kernel=CSMain cachingPP=1 ppOnly=0 stripLineD=0 buildPlatform=13 km=<UNITY_VERSION=202120> pKW=UNITY_NO_RGBM UNITY_ENABLE_REFLECTION_BUFFERS UNITY_FRAMEBUFFER_FETCH_AVAILABLE UNITY_NO_CUBEMAP_ARRAY UNITY_NO_SCREENSPACE_SHADOWS UNITY_PBS_USE_BRDF3 UNITY_NO_FULL_STANDARD_SHADER SHADER_API_MOBILE UNITY_LIGHTMAP_RGBM_ENCODING UNITY_ASTC_NORMALMAP_ENCODING SHADER_API_GLES30 uKW=SHADER_STAGE_COMPUTE platform=gles3 flags=268439552 reqs=16385 forceDXC=0 forceFXC=0 ok=1 outsize=2011

Cmd: compileComputeKernel
  insize=622 file=C:/Users/Kees/Unity Projects/Soil-Simulation-GPU/Assets/Shaders/Compute/Heightmap/HeightmapMeshCompute.compute kernel=CSMain cachingPP=1 ppOnly=0 stripLineD=0 buildPlatform=13 km=<UNITY_VERSION=202120> pKW=UNITY_NO_RGBM UNITY_ENABLE_REFLECTION_BUFFERS UNITY_FRAMEBUFFER_FETCH_AVAILABLE UNITY_NO_CUBEMAP_ARRAY UNITY_NO_SCREENSPACE_SHADOWS UNITY_PBS_USE_BRDF3 UNITY_NO_FULL_STANDARD_SHADER SHADER_API_MOBILE UNITY_LIGHTMAP_RGBM_ENCODING UNITY_ASTC_NORMALMAP_ENCODING SHADER_API_GLES30 uKW=SHADER_STAGE_COMPUTE platform=gles3 flags=268439552 reqs=16385 forceDXC=0 forceFXC=0 ok=1 outsize=1736

Cmd: compileComputeKernel
  insize=1318 file=C:/Users/Kees/Unity Projects/Soil-Simulation-GPU/Assets/Shaders/Compute/Heightmap/HeightmapMeshCompute.compute kernel=CSMain cachingPP=1 ppOnly=0 stripLineD=0 buildPlatform=13 km=<UNITY_VERSION=202120> pKW=UNITY_NO_RGBM UNITY_ENABLE_REFLECTION_BUFFERS UNITY_FRAMEBUFFER_FETCH_AVAILABLE UNITY_NO_CUBEMAP_ARRAY UNITY_NO_SCREENSPACE_SHADOWS UNITY_PBS_USE_BRDF3 UNITY_NO_FULL_STANDARD_SHADER SHADER_API_MOBILE UNITY_LIGHTMAP_RGBM_ENCODING UNITY_ASTC_NORMALMAP_ENCODING SHADER_API_GLES30 uKW=SHADER_STAGE_COMPUTE platform=gles3 flags=268439552 reqs=16385 forceDXC=0 forceFXC=0 ok=1 outsize=4723

Cmd: compileComputeKernel
  insize=1326 file=C:/Users/Kees/Unity Projects/Soil-Simulation-GPU/Assets/Shaders/Compute/Heightmap/HeightmapMeshCompute.compute kernel=CSMain cachingPP=1 ppOnly=0 stripLineD=0 buildPlatform=13 km=<UNITY_VERSION=202120> pKW=UNITY_NO_RGBM UNITY_ENABLE_REFLECTION_BUFFERS UNITY_FRAMEBUFFER_FETCH_AVAILABLE UNITY_NO_CUBEMAP_ARRAY UNITY_NO_SCREENSPACE_SHADOWS UNITY_PBS_USE_BRDF3 UNITY_NO_FULL_STANDARD_SHADER SHADER_API_MOBILE UNITY_LIGHTMAP_RGBM_ENCODING UNITY_ASTC_NORMALMAP_ENCODING SHADER_API_GLES30 uKW=SHADER_STAGE_COMPUTE platform=gles3 flags=268439552 reqs=16385 forceDXC=0 forceFXC=0 ok=1 outsize=3345

Cmd: compileComputeKernel
  insize=1376 file=C:/Users/Kees/Unity Projects/Soil-Simulation-GPU/Assets/Shaders/Compute/Heightmap/HeightmapMeshCompute.compute kernel=CSMain cachingPP=1 ppOnly=0 stripLineD=0 buildPlatform=13 km=<UNITY_VERSION=202120> pKW=UNITY_NO_RGBM UNITY_ENABLE_REFLECTION_BUFFERS UNITY_FRAMEBUFFER_FETCH_AVAILABLE UNITY_NO_CUBEMAP_ARRAY UNITY_NO_SCREENSPACE_SHADOWS UNITY_PBS_USE_BRDF3 UNITY_NO_FULL_STANDARD_SHADER SHADER_API_MOBILE UNITY_LIGHTMAP_RGBM_ENCODING UNITY_ASTC_NORMALMAP_ENCODING SHADER_API_GLES30 uKW=SHADER_STAGE_COMPUTE platform=gles3 flags=268439552 reqs=16385 forceDXC=0 forceFXC=0 ok=1 outsize=4453

Cmd: compileComputeKernel
  insize=1383 file=C:/Users/Kees/Unity Projects/Soil-Simulation-GPU/Assets/Shaders/Compute/Heightmap/HeightmapMeshCompute.compute kernel=CSMain cachingPP=1 ppOnly=0 stripLineD=0 buildPlatform=13 km=<UNITY_VERSION=202120> pKW=UNITY_NO_RGBM UNITY_ENABLE_REFLECTION_BUFFERS UNITY_FRAMEBUFFER_FETCH_AVAILABLE UNITY_NO_CUBEMAP_ARRAY UNITY_NO_SCREENSPACE_SHADOWS UNITY_PBS_USE_BRDF3 UNITY_NO_FULL_STANDARD_SHADER SHADER_API_MOBILE UNITY_LIGHTMAP_RGBM_ENCODING UNITY_ASTC_NORMALMAP_ENCODING SHADER_API_GLES30 uKW=SHADER_STAGE_COMPUTE platform=gles3 flags=268439552 reqs=16385 forceDXC=0 forceFXC=0 ok=1 outsize=4779

Cmd: compileComputeKernel
  insize=1460 file=C:/Users/Kees/Unity Projects/Soil-Simulation-GPU/Assets/Shaders/Compute/Heightmap/HeightmapMeshCompute.compute kernel=CSMain cachingPP=1 ppOnly=0 stripLineD=0 buildPlatform=13 km=<UNITY_VERSION=202120> pKW=UNITY_NO_RGBM UNITY_ENABLE_REFLECTION_BUFFERS UNITY_FRAMEBUFFER_FETCH_AVAILABLE UNITY_NO_CUBEMAP_ARRAY UNITY_NO_SCREENSPACE_SHADOWS UNITY_PBS_USE_BRDF3 UNITY_NO_FULL_STANDARD_SHADER SHADER_API_MOBILE UNITY_LIGHTMAP_RGBM_ENCODING UNITY_ASTC_NORMALMAP_ENCODING SHADER_API_GLES30 uKW=SHADER_STAGE_COMPUTE platform=gles3 flags=268439552 reqs=16385 forceDXC=0 forceFXC=0 ok=1 outsize=5229

Cmd: compileComputeKernel
  insize=1510 file=C:/Users/Kees/Unity Projects/Soil-Simulation-GPU/Assets/Shaders/Compute/Heightmap/HeightmapMeshCompute.compute kernel=CSMain cachingPP=1 ppOnly=0 stripLineD=0 buildPlatform=13 km=<UNITY_VERSION=202120> pKW=UNITY_NO_RGBM UNITY_ENABLE_REFLECTION_BUFFERS UNITY_FRAMEBUFFER_FETCH_AVAILABLE UNITY_NO_CUBEMAP_ARRAY UNITY_NO_SCREENSPACE_SHADOWS UNITY_PBS_USE_BRDF3 UNITY_NO_FULL_STANDARD_SHADER SHADER_API_MOBILE UNITY_LIGHTMAP_RGBM_ENCODING UNITY_ASTC_NORMALMAP_ENCODING SHADER_API_GLES30 uKW=SHADER_STAGE_COMPUTE platform=gles3 flags=268439552 reqs=16385 forceDXC=0 forceFXC=0 ok=1 outsize=5344

Cmd: shutdown
