Base path: 'C:/Program Files/Unity/Hub/Editor/2021.2.0b8/Editor/Data', plugins path 'C:/Program Files/Unity/Hub/Editor/2021.2.0b8/Editor/Data/PlaybackEngines'
Cmd: initializeCompiler

Cmd: compileComputeKernel
  insize=1080 file=C:/Users/Kees/Unity Projects/Soil-Simulation-GPU/Assets/Shaders/Compute/Heightmap/HeightmapMeshCompute.compute kernel=CSMain cachingPP=1 ppOnly=0 stripLineD=0 buildPlatform=13 km=<UNITY_VERSION=202120> pKW=UNITY_NO_RGBM UNITY_ENABLE_REFLECTION_BUFFERS UNITY_FRAMEBUFFER_FETCH_AVAILABLE UNITY_NO_CUBEMAP_ARRAY UNITY_NO_SCREENSPACE_SHADOWS UNITY_PBS_USE_BRDF3 UNITY_NO_FULL_STANDARD_SHADER SHADER_API_MOBILE UNITY_LIGHTMAP_RGBM_ENCODING UNITY_ASTC_NORMALMAP_ENCODING SHADER_API_GLES30 uKW=SHADER_STAGE_COMPUTE platform=gles3 flags=268439552 reqs=16385 forceDXC=0 forceFXC=0 ok=1 outsize=2105

Cmd: compileComputeKernel
  insize=919 file=C:/Users/Kees/Unity Projects/Soil-Simulation-GPU/Assets/Shaders/Compute/Heightmap/HeightmapMeshCompute.compute kernel=CSMain cachingPP=1 ppOnly=0 stripLineD=0 buildPlatform=13 km=<UNITY_VERSION=202120> pKW=UNITY_NO_RGBM UNITY_ENABLE_REFLECTION_BUFFERS UNITY_FRAMEBUFFER_FETCH_AVAILABLE UNITY_NO_CUBEMAP_ARRAY UNITY_NO_SCREENSPACE_SHADOWS UNITY_PBS_USE_BRDF3 UNITY_NO_FULL_STANDARD_SHADER SHADER_API_MOBILE UNITY_LIGHTMAP_RGBM_ENCODING UNITY_ASTC_NORMALMAP_ENCODING SHADER_API_GLES30 uKW=SHADER_STAGE_COMPUTE platform=gles3 flags=268439552 reqs=16385 forceDXC=0 forceFXC=0 ok=1 outsize=1652

Cmd: compileComputeKernel
  insize=923 file=C:/Users/Kees/Unity Projects/Soil-Simulation-GPU/Assets/Shaders/Compute/Heightmap/HeightmapMeshCompute.compute kernel=CSMain cachingPP=1 ppOnly=0 stripLineD=0 buildPlatform=13 km=<UNITY_VERSION=202120> pKW=UNITY_NO_RGBM UNITY_ENABLE_REFLECTION_BUFFERS UNITY_FRAMEBUFFER_FETCH_AVAILABLE UNITY_NO_CUBEMAP_ARRAY UNITY_NO_SCREENSPACE_SHADOWS UNITY_PBS_USE_BRDF3 UNITY_NO_FULL_STANDARD_SHADER SHADER_API_MOBILE UNITY_LIGHTMAP_RGBM_ENCODING UNITY_ASTC_NORMALMAP_ENCODING SHADER_API_GLES30 uKW=SHADER_STAGE_COMPUTE platform=gles3 flags=268439552 reqs=16385 forceDXC=0 forceFXC=0 ok=1 outsize=1953

Cmd: compileComputeKernel
  insize=1326 file=C:/Users/Kees/Unity Projects/Soil-Simulation-GPU/Assets/Shaders/Compute/Heightmap/HeightmapMeshCompute.compute kernel=CSMain cachingPP=1 ppOnly=0 stripLineD=0 buildPlatform=13 km=<UNITY_VERSION=202120> pKW=UNITY_NO_RGBM UNITY_ENABLE_REFLECTION_BUFFERS UNITY_FRAMEBUFFER_FETCH_AVAILABLE UNITY_NO_CUBEMAP_ARRAY UNITY_NO_SCREENSPACE_SHADOWS UNITY_PBS_USE_BRDF3 UNITY_NO_FULL_STANDARD_SHADER SHADER_API_MOBILE UNITY_LIGHTMAP_RGBM_ENCODING UNITY_ASTC_NORMALMAP_ENCODING SHADER_API_GLES30 uKW=SHADER_STAGE_COMPUTE platform=gles3 flags=268439552 reqs=16385 forceDXC=0 forceFXC=0 ok=1 outsize=3327

Cmd: compileComputeKernel
  insize=1811 file=C:/Users/Kees/Unity Projects/Soil-Simulation-GPU/Assets/Shaders/Compute/Heightmap/HeightmapMeshCompute.compute kernel=CSMain cachingPP=1 ppOnly=0 stripLineD=0 buildPlatform=13 km=<UNITY_VERSION=202120> pKW=UNITY_NO_RGBM UNITY_ENABLE_REFLECTION_BUFFERS UNITY_FRAMEBUFFER_FETCH_AVAILABLE UNITY_NO_CUBEMAP_ARRAY UNITY_NO_SCREENSPACE_SHADOWS UNITY_PBS_USE_BRDF3 UNITY_NO_FULL_STANDARD_SHADER SHADER_API_MOBILE UNITY_LIGHTMAP_RGBM_ENCODING UNITY_ASTC_NORMALMAP_ENCODING SHADER_API_GLES30 uKW=SHADER_STAGE_COMPUTE platform=gles3 flags=268439552 reqs=16385 forceDXC=0 forceFXC=0 ok=1 outsize=3475

Cmd: compileComputeKernel
  insize=1809 file=C:/Users/Kees/Unity Projects/Soil-Simulation-GPU/Assets/Shaders/Compute/Heightmap/HeightmapMeshCompute.compute kernel=CSMain cachingPP=1 ppOnly=0 stripLineD=0 buildPlatform=13 km=<UNITY_VERSION=202120> pKW=UNITY_NO_RGBM UNITY_ENABLE_REFLECTION_BUFFERS UNITY_FRAMEBUFFER_FETCH_AVAILABLE UNITY_NO_CUBEMAP_ARRAY UNITY_NO_SCREENSPACE_SHADOWS UNITY_PBS_USE_BRDF3 UNITY_NO_FULL_STANDARD_SHADER SHADER_API_MOBILE UNITY_LIGHTMAP_RGBM_ENCODING UNITY_ASTC_NORMALMAP_ENCODING SHADER_API_GLES30 uKW=SHADER_STAGE_COMPUTE platform=gles3 flags=268439552 reqs=16385 forceDXC=0 forceFXC=0 ok=1 outsize=4588

Cmd: compileComputeKernel
  insize=1815 file=C:/Users/Kees/Unity Projects/Soil-Simulation-GPU/Assets/Shaders/Compute/Heightmap/HeightmapMeshCompute.compute kernel=CSMain cachingPP=1 ppOnly=0 stripLineD=0 buildPlatform=13 km=<UNITY_VERSION=202120> pKW=UNITY_NO_RGBM UNITY_ENABLE_REFLECTION_BUFFERS UNITY_FRAMEBUFFER_FETCH_AVAILABLE UNITY_NO_CUBEMAP_ARRAY UNITY_NO_SCREENSPACE_SHADOWS UNITY_PBS_USE_BRDF3 UNITY_NO_FULL_STANDARD_SHADER SHADER_API_MOBILE UNITY_LIGHTMAP_RGBM_ENCODING UNITY_ASTC_NORMALMAP_ENCODING SHADER_API_GLES30 uKW=SHADER_STAGE_COMPUTE platform=gles3 flags=268439552 reqs=16385 forceDXC=0 forceFXC=0 ok=1 outsize=3532

Cmd: compileComputeKernel
  insize=1811 file=C:/Users/Kees/Unity Projects/Soil-Simulation-GPU/Assets/Shaders/Compute/Heightmap/HeightmapMeshCompute.compute kernel=CSMain cachingPP=1 ppOnly=0 stripLineD=0 buildPlatform=13 km=<UNITY_VERSION=202120> pKW=UNITY_NO_RGBM UNITY_ENABLE_REFLECTION_BUFFERS UNITY_FRAMEBUFFER_FETCH_AVAILABLE UNITY_NO_CUBEMAP_ARRAY UNITY_NO_SCREENSPACE_SHADOWS UNITY_PBS_USE_BRDF3 UNITY_NO_FULL_STANDARD_SHADER SHADER_API_MOBILE UNITY_LIGHTMAP_RGBM_ENCODING UNITY_ASTC_NORMALMAP_ENCODING SHADER_API_GLES30 uKW=SHADER_STAGE_COMPUTE platform=gles3 flags=268439552 reqs=16385 forceDXC=0 forceFXC=0 ok=1 outsize=5744

Cmd: compileComputeKernel
  insize=1815 file=C:/Users/Kees/Unity Projects/Soil-Simulation-GPU/Assets/Shaders/Compute/Heightmap/HeightmapMeshCompute.compute kernel=CSMain cachingPP=1 ppOnly=0 stripLineD=0 buildPlatform=13 km=<UNITY_VERSION=202120> pKW=UNITY_NO_RGBM UNITY_ENABLE_REFLECTION_BUFFERS UNITY_FRAMEBUFFER_FETCH_AVAILABLE UNITY_NO_CUBEMAP_ARRAY UNITY_NO_SCREENSPACE_SHADOWS UNITY_PBS_USE_BRDF3 UNITY_NO_FULL_STANDARD_SHADER SHADER_API_MOBILE UNITY_LIGHTMAP_RGBM_ENCODING UNITY_ASTC_NORMALMAP_ENCODING SHADER_API_GLES30 uKW=SHADER_STAGE_COMPUTE platform=gles3 flags=268439552 reqs=16385 forceDXC=0 forceFXC=0 ok=1 outsize=3529

Cmd: shutdown
